0 info it worked if it ends with ok
1 verbose cli [ 'C:\\Program Files\\nodejs\\node.exe',
1 verbose cli   'C:\\Program Files\\nodejs\\node_modules\\npm\\bin\\npm-cli.js',
1 verbose cli   'run',
1 verbose cli   'build' ]
2 info using npm@3.8.6
3 info using node@v5.11.1
4 verbose run-script [ 'prebuild', 'build', 'postbuild' ]
5 info lifecycle gochen-r@1.0.0~prebuild: gochen-r@1.0.0
6 silly lifecycle gochen-r@1.0.0~prebuild: no script for prebuild, continuing
7 info lifecycle gochen-r@1.0.0~build: gochen-r@1.0.0
8 verbose lifecycle gochen-r@1.0.0~build: unsafe-perm in lifecycle true
9 verbose lifecycle gochen-r@1.0.0~build: PATH: C:\Users\Administrator\AppData\Roaming\nvm\v5.11.1\node_modules\npm\bin\node-gyp-bin;E:\gochen-r\node_modules\.bin;C:\Program Files\nodejs;C:\ProgramData\Oracle\Java\javapath;D:\app\Administrator\product\11.2.0\client_1\bin;C:\Windows\system32;C:\Windows;C:\Windows\System32\Wbem;C:\Windows\System32\WindowsPowerShell\v1.0\;C:\Program Files (x86)\Windows Kits\8.1\Windows Performance Toolkit\;C:\Program Files\Microsoft SQL Server\110\Tools\Binn\;C:\Program Files (x86)\Microsoft SQL Server\100\Tools\Binn\;C:\Program Files\Microsoft SQL Server\100\Tools\Binn\;C:\Program Files\Microsoft SQL Server\100\DTS\Binn\;C:\Program Files (x86)\Microsoft SQL Server\100\Tools\Binn\VSShell\Common7\IDE\;C:\Program Files (x86)\Microsoft Visual Studio 9.0\Common7\IDE\PrivateAssemblies\;C:\Program Files (x86)\Microsoft SQL Server\100\DTS\Binn\;C:\Program Files\Git\cmd;C:\Users\Administrator\AppData\Roaming\nvm;C:\Program Files\nodejs;;C:\Program Files (x86)\Yarn\bin;C:\Program Files\Java\jdk1.8.0_111\bin;E:\app\apache-ant-1.9.7\bin;C:\Users\Administrator\Desktop\czy\Python27;C:\Microsoft VS Code\bin;C:\Users\Administrator\AppData\Roaming\nvm;C:\Program Files\nodejs;C:\Users\Administrator\AppData\Roaming\npm
10 verbose lifecycle gochen-r@1.0.0~build: CWD: E:\gochen-r
11 silly lifecycle gochen-r@1.0.0~build: Args: [ '/d /s /c', 'cross-env NODE_ENV=production webpack -p' ]
12 silly lifecycle gochen-r@1.0.0~build: Returned: code: 1  signal: null
13 info lifecycle gochen-r@1.0.0~build: Failed to exec build script
14 verbose stack Error: gochen-r@1.0.0 build: `cross-env NODE_ENV=production webpack -p`
14 verbose stack Exit status 1
14 verbose stack     at EventEmitter.<anonymous> (C:\Users\Administrator\AppData\Roaming\nvm\v5.11.1\node_modules\npm\lib\utils\lifecycle.js:239:16)
14 verbose stack     at emitTwo (events.js:100:13)
14 verbose stack     at EventEmitter.emit (events.js:185:7)
14 verbose stack     at ChildProcess.<anonymous> (C:\Users\Administrator\AppData\Roaming\nvm\v5.11.1\node_modules\npm\lib\utils\spawn.js:24:14)
14 verbose stack     at emitTwo (events.js:100:13)
14 verbose stack     at ChildProcess.emit (events.js:185:7)
14 verbose stack     at maybeClose (internal/child_process.js:850:16)
14 verbose stack     at Process.ChildProcess._handle.onexit (internal/child_process.js:215:5)
15 verbose pkgid gochen-r@1.0.0
16 verbose cwd E:\gochen-r
17 error Windows_NT 6.1.7601
18 error argv "C:\\Program Files\\nodejs\\node.exe" "C:\\Program Files\\nodejs\\node_modules\\npm\\bin\\npm-cli.js" "run" "build"
19 error node v5.11.1
20 error npm  v3.8.6
21 error code ELIFECYCLE
22 error gochen-r@1.0.0 build: `cross-env NODE_ENV=production webpack -p`
22 error Exit status 1
23 error Failed at the gochen-r@1.0.0 build script 'cross-env NODE_ENV=production webpack -p'.
23 error Make sure you have the latest version of node.js and npm installed.
23 error If you do, this is most likely a problem with the gochen-r package,
23 error not with npm itself.
23 error Tell the author that this fails on your system:
23 error     cross-env NODE_ENV=production webpack -p
23 error You can get information on how to open an issue for this project with:
23 error     npm bugs gochen-r
23 error Or if that isn't available, you can get their info via:
23 error     npm owner ls gochen-r
23 error There is likely additional logging output above.
24 verbose exit [ 1, true ]
